2022-10-13 12:16:16 | [mcts]  
--------  --------
StepNum   1000
reward 0   689.615
reward 1   500.805
reward 2   495.11
reward 3   493.447
reward 4   462.05
reward 5   435.327
reward 6   427.096
reward 7   420.464
reward 8   419.17
reward 9   406.566
--------  --------
2022-10-13 12:16:29 | [mcts]  
--------  --------
StepNum   2000
reward 0   689.615
reward 1   530.374
reward 2   514.869
reward 3   501.061
reward 4   500.805
reward 5   495.11
reward 6   494.293
reward 7   493.447
reward 8   462.939
reward 9   462.05
--------  --------
2022-10-13 12:16:41 | [mcts]  
--------  --------
StepNum   3000
reward 0   689.615
reward 1   589.241
reward 2   530.374
reward 3   514.869
reward 4   501.061
reward 5   500.805
reward 6   500.621
reward 7   495.11
reward 8   494.293
reward 9   493.447
--------  --------
2022-10-13 12:16:54 | [mcts]  
--------  --------
StepNum   4000
reward 0   689.615
reward 1   589.241
reward 2   530.374
reward 3   520.169
reward 4   514.869
reward 5   505.236
reward 6   505.21
reward 7   504.953
reward 8   501.061
reward 9   500.805
--------  --------
2022-10-13 12:17:06 | [mcts]  
--------  --------
StepNum   5000
reward 0   863.468
reward 1   689.615
reward 2   597.513
reward 3   589.241
reward 4   530.374
reward 5   520.169
reward 6   514.869
reward 7   514.762
reward 8   513.718
reward 9   505.236
--------  --------
2022-10-13 12:17:19 | [mcts]  
--------  --------
StepNum   6000
reward 0   863.468
reward 1   689.615
reward 2   597.513
reward 3   589.241
reward 4   530.374
reward 5   520.169
reward 6   514.869
reward 7   514.762
reward 8   513.718
reward 9   505.236
--------  --------
2022-10-13 12:17:31 | [mcts]  
--------  --------
StepNum   7000
reward 0   863.468
reward 1   689.615
reward 2   597.513
reward 3   589.241
reward 4   530.374
reward 5   520.169
reward 6   514.869
reward 7   514.762
reward 8   513.718
reward 9   507.11
--------  --------
2022-10-13 12:17:44 | [mcts]  
--------  --------
StepNum   8000
reward 0   863.468
reward 1   689.615
reward 2   597.513
reward 3   589.241
reward 4   530.374
reward 5   520.169
reward 6   516.567
reward 7   515.543
reward 8   514.869
reward 9   514.762
--------  --------
2022-10-13 12:17:56 | [mcts]  
--------  --------
StepNum   9000
reward 0   863.468
reward 1   689.615
reward 2   597.513
reward 3   589.241
reward 4   530.374
reward 5   520.169
reward 6   516.567
reward 7   515.543
reward 8   514.869
reward 9   514.762
--------  --------
2022-10-13 12:18:09 | [mcts]  
--------  ---------
StepNum   10000
reward 0    863.468
reward 1    689.615
reward 2    597.513
reward 3    589.241
reward 4    530.374
reward 5    524.435
reward 6    523.602
reward 7    520.169
reward 8    517.702
reward 9    516.746
--------  ---------
2022-10-13 12:18:21 | [mcts]  
--------  ---------
StepNum   11000
reward 0    863.468
reward 1    767.833
reward 2    689.615
reward 3    636.943
reward 4    597.513
reward 5    589.241
reward 6    533.135
reward 7    530.374
reward 8    524.435
reward 9    523.602
--------  ---------
2022-10-13 12:18:34 | [mcts]  
--------  ---------
StepNum   12000
reward 0    863.468
reward 1    767.833
reward 2    689.615
reward 3    636.943
reward 4    597.513
reward 5    589.241
reward 6    533.135
reward 7    530.374
reward 8    526.803
reward 9    524.435
--------  ---------
2022-10-13 12:18:47 | [mcts]  
--------  ---------
StepNum   13000
reward 0    863.468
reward 1    767.833
reward 2    689.615
reward 3    636.943
reward 4    597.513
reward 5    589.241
reward 6    537.493
reward 7    533.135
reward 8    530.374
reward 9    526.803
--------  ---------
2022-10-13 12:19:00 | [mcts]  
--------  ---------
StepNum   14000
reward 0    863.468
reward 1    767.833
reward 2    689.615
reward 3    636.943
reward 4    597.513
reward 5    589.241
reward 6    537.493
reward 7    533.135
reward 8    530.374
reward 9    526.803
--------  ---------
2022-10-13 12:19:12 | [mcts]  
--------  ---------
StepNum   15000
reward 0    863.468
reward 1    767.833
reward 2    689.615
reward 3    636.943
reward 4    597.513
reward 5    589.241
reward 6    537.493
reward 7    535.603
reward 8    533.135
reward 9    530.374
--------  ---------
2022-10-13 12:19:24 | [mcts]  
--------  ---------
StepNum   16000
reward 0    863.468
reward 1    767.833
reward 2    733.306
reward 3    689.615
reward 4    636.943
reward 5    597.513
reward 6    590.276
reward 7    589.241
reward 8    537.493
reward 9    535.603
--------  ---------
2022-10-13 12:19:36 | [mcts]  
--------  ---------
StepNum   17000
reward 0    863.468
reward 1    767.833
reward 2    733.306
reward 3    689.615
reward 4    644.858
reward 5    636.943
reward 6    597.513
reward 7    590.276
reward 8    589.284
reward 9    589.241
--------  ---------
2022-10-13 12:19:47 | [mcts]  
--------  ---------
StepNum   18000
reward 0    863.468
reward 1    767.833
reward 2    733.306
reward 3    689.615
reward 4    644.858
reward 5    636.943
reward 6    629.589
reward 7    597.513
reward 8    590.276
reward 9    589.284
--------  ---------
2022-10-13 12:19:59 | [mcts]  
--------  ---------
StepNum   19000
reward 0    863.468
reward 1    767.833
reward 2    733.306
reward 3    689.615
reward 4    644.858
reward 5    636.943
reward 6    629.589
reward 7    597.513
reward 8    590.276
reward 9    589.284
--------  ---------
2022-10-13 12:20:10 | [mcts]  
--------  ---------
StepNum   20000
reward 0    863.468
reward 1    767.833
reward 2    733.306
reward 3    689.615
reward 4    644.858
reward 5    636.943
reward 6    629.589
reward 7    613.895
reward 8    597.513
reward 9    590.276
--------  ---------
2022-10-13 12:20:22 | [mcts]  
--------  ---------
StepNum   21000
reward 0    863.468
reward 1    767.833
reward 2    733.306
reward 3    695.214
reward 4    689.615
reward 5    644.858
reward 6    636.943
reward 7    629.589
reward 8    613.895
reward 9    597.513
--------  ---------
2022-10-13 12:20:33 | [mcts]  
--------  ---------
StepNum   22000
reward 0    863.468
reward 1    767.833
reward 2    733.306
reward 3    695.214
reward 4    689.615
reward 5    644.858
reward 6    636.943
reward 7    629.589
reward 8    613.895
reward 9    597.513
--------  ---------
2022-10-13 12:20:45 | [mcts]  
--------  ---------
StepNum   23000
reward 0    863.468
reward 1    767.833
reward 2    733.306
reward 3    695.214
reward 4    689.615
reward 5    644.858
reward 6    636.943
reward 7    629.589
reward 8    613.895
reward 9    597.513
--------  ---------
2022-10-13 12:20:56 | [mcts]  
--------  ---------
StepNum   24000
reward 0    863.468
reward 1    767.833
reward 2    733.306
reward 3    695.214
reward 4    689.615
reward 5    644.858
reward 6    636.943
reward 7    629.589
reward 8    613.895
reward 9    611.036
--------  ---------
2022-10-13 12:21:07 | [mcts]  
--------  ---------
StepNum   25000
reward 0    863.468
reward 1    767.833
reward 2    733.306
reward 3    695.214
reward 4    689.615
reward 5    644.858
reward 6    636.943
reward 7    629.589
reward 8    613.895
reward 9    611.036
--------  ---------
2022-10-13 12:21:19 | [mcts]  
--------  ---------
StepNum   26000
reward 0    863.468
reward 1    776.039
reward 2    767.833
reward 3    733.306
reward 4    695.214
reward 5    689.615
reward 6    644.858
reward 7    636.943
reward 8    629.589
reward 9    619.118
--------  ---------
2022-10-13 12:21:30 | [mcts]  
--------  ---------
StepNum   27000
reward 0    863.468
reward 1    776.039
reward 2    767.833
reward 3    733.306
reward 4    695.214
reward 5    689.615
reward 6    644.858
reward 7    636.943
reward 8    629.589
reward 9    619.118
--------  ---------
2022-10-13 12:21:41 | [mcts]  
--------  ---------
StepNum   28000
reward 0    863.468
reward 1    776.039
reward 2    767.833
reward 3    733.306
reward 4    695.214
reward 5    689.615
reward 6    644.858
reward 7    636.943
reward 8    629.589
reward 9    619.118
--------  ---------
2022-10-13 12:21:53 | [mcts]  
--------  ---------
StepNum   29000
reward 0    863.468
reward 1    776.039
reward 2    767.833
reward 3    733.306
reward 4    695.214
reward 5    689.615
reward 6    644.858
reward 7    636.943
reward 8    629.589
reward 9    619.118
--------  ---------
2022-10-13 12:22:04 | [mcts]  
--------  ---------
StepNum   30000
reward 0    863.468
reward 1    776.039
reward 2    767.833
reward 3    733.306
reward 4    695.214
reward 5    689.615
reward 6    644.858
reward 7    636.943
reward 8    629.589
reward 9    619.118
--------  ---------
2022-10-13 12:22:16 | [mcts]  
--------  ---------
StepNum   31000
reward 0    863.468
reward 1    776.039
reward 2    767.833
reward 3    733.306
reward 4    695.214
reward 5    689.615
reward 6    644.858
reward 7    636.943
reward 8    629.589
reward 9    619.118
--------  ---------
2022-10-13 12:22:27 | [mcts]  
--------  ---------
StepNum   32000
reward 0    863.468
reward 1    776.039
reward 2    767.833
reward 3    733.306
reward 4    695.214
reward 5    689.615
reward 6    644.858
reward 7    636.943
reward 8    629.589
reward 9    619.118
--------  ---------
2022-10-13 12:22:38 | [mcts]  
--------  ---------
StepNum   33000
reward 0    863.468
reward 1    776.039
reward 2    767.833
reward 3    733.306
reward 4    695.214
reward 5    689.615
reward 6    644.858
reward 7    636.943
reward 8    629.589
reward 9    619.118
--------  ---------
2022-10-13 12:22:50 | [mcts]  
--------  ---------
StepNum   34000
reward 0    863.468
reward 1    776.039
reward 2    767.833
reward 3    733.306
reward 4    695.214
reward 5    689.615
reward 6    644.858
reward 7    636.943
reward 8    629.589
reward 9    619.118
--------  ---------
2022-10-13 12:23:01 | [mcts]  
--------  ---------
StepNum   35000
reward 0    863.468
reward 1    776.039
reward 2    767.833
reward 3    733.306
reward 4    695.214
reward 5    689.615
reward 6    644.858
reward 7    636.943
reward 8    629.589
reward 9    619.118
--------  ---------
2022-10-13 12:23:13 | [mcts]  
--------  ---------
StepNum   36000
reward 0    863.468
reward 1    776.039
reward 2    767.833
reward 3    733.306
reward 4    695.214
reward 5    689.615
reward 6    644.858
reward 7    636.943
reward 8    629.589
reward 9    619.118
--------  ---------
2022-10-13 12:23:24 | [mcts]  
--------  ---------
StepNum   37000
reward 0    863.468
reward 1    776.039
reward 2    767.833
reward 3    733.306
reward 4    695.214
reward 5    689.615
reward 6    644.858
reward 7    636.943
reward 8    629.589
reward 9    619.118
--------  ---------
2022-10-13 12:23:36 | [mcts]  
--------  ---------
StepNum   38000
reward 0    863.468
reward 1    776.039
reward 2    767.833
reward 3    733.306
reward 4    695.214
reward 5    689.615
reward 6    644.858
reward 7    636.943
reward 8    629.589
reward 9    619.118
--------  ---------
2022-10-13 12:23:47 | [mcts]  
--------  ---------
StepNum   39000
reward 0    863.468
reward 1    776.039
reward 2    767.833
reward 3    733.306
reward 4    695.214
reward 5    689.615
reward 6    644.858
reward 7    636.943
reward 8    629.589
reward 9    619.118
--------  ---------
2022-10-13 12:23:59 | [mcts]  
--------  ---------
StepNum   40000
reward 0    863.468
reward 1    776.039
reward 2    767.833
reward 3    733.306
reward 4    695.214
reward 5    689.615
reward 6    644.858
reward 7    636.943
reward 8    629.589
reward 9    619.118
--------  ---------
2022-10-13 12:24:10 | [mcts]  
--------  ---------
StepNum   41000
reward 0    863.468
reward 1    776.039
reward 2    767.833
reward 3    733.306
reward 4    695.214
reward 5    689.615
reward 6    644.858
reward 7    636.943
reward 8    629.589
reward 9    619.118
--------  ---------
2022-10-13 12:24:21 | [mcts]  
--------  ---------
StepNum   42000
reward 0    863.468
reward 1    776.039
reward 2    767.833
reward 3    733.306
reward 4    695.214
reward 5    689.615
reward 6    644.858
reward 7    636.943
reward 8    629.589
reward 9    619.118
--------  ---------
2022-10-13 12:24:33 | [mcts]  
--------  ---------
StepNum   43000
reward 0    863.468
reward 1    776.039
reward 2    767.833
reward 3    733.306
reward 4    695.214
reward 5    689.615
reward 6    658.758
reward 7    644.858
reward 8    636.943
reward 9    629.589
--------  ---------
2022-10-13 12:24:44 | [mcts]  
--------  ---------
StepNum   44000
reward 0    863.468
reward 1    776.039
reward 2    767.833
reward 3    738.981
reward 4    733.306
reward 5    695.214
reward 6    689.615
reward 7    658.758
reward 8    644.858
reward 9    636.943
--------  ---------
2022-10-13 12:24:56 | [mcts]  
--------  ---------
StepNum   45000
reward 0    863.468
reward 1    776.039
reward 2    767.833
reward 3    738.981
reward 4    733.306
reward 5    695.214
reward 6    689.615
reward 7    658.758
reward 8    644.858
reward 9    636.943
--------  ---------
2022-10-13 12:25:07 | [mcts]  
--------  ---------
StepNum   46000
reward 0    863.468
reward 1    776.039
reward 2    767.833
reward 3    738.981
reward 4    733.306
reward 5    695.214
reward 6    689.615
reward 7    682.344
reward 8    658.758
reward 9    644.858
--------  ---------
2022-10-13 12:25:18 | [mcts]  
--------  ---------
StepNum   47000
reward 0    863.468
reward 1    776.039
reward 2    767.833
reward 3    738.981
reward 4    733.306
reward 5    695.214
reward 6    689.615
reward 7    682.344
reward 8    658.758
reward 9    644.858
--------  ---------
2022-10-13 12:25:30 | [mcts]  
--------  ---------
StepNum   48000
reward 0    863.468
reward 1    776.039
reward 2    767.833
reward 3    738.981
reward 4    733.306
reward 5    695.214
reward 6    689.615
reward 7    682.344
reward 8    658.758
reward 9    644.858
--------  ---------
2022-10-13 12:25:41 | [mcts]  
--------  ---------
StepNum   49000
reward 0    863.468
reward 1    776.039
reward 2    767.833
reward 3    738.981
reward 4    733.306
reward 5    695.214
reward 6    689.615
reward 7    682.344
reward 8    658.758
reward 9    644.858
--------  ---------
2022-10-13 12:25:52 | [mcts]  
--------  ---------
StepNum   50000
reward 0    863.468
reward 1    776.039
reward 2    767.833
reward 3    738.981
reward 4    733.306
reward 5    695.214
reward 6    689.615
reward 7    682.344
reward 8    679.591
reward 9    658.758
--------  ---------
2022-10-13 12:26:04 | [mcts]  
--------  ---------
StepNum   51000
reward 0    863.468
reward 1    776.039
reward 2    767.833
reward 3    738.981
reward 4    733.306
reward 5    695.214
reward 6    689.615
reward 7    682.344
reward 8    679.591
reward 9    658.758
--------  ---------
2022-10-13 12:26:15 | [mcts]  
--------  ---------
StepNum   52000
reward 0    863.468
reward 1    776.039
reward 2    767.833
reward 3    738.981
reward 4    733.306
reward 5    695.214
reward 6    689.615
reward 7    682.344
reward 8    679.591
reward 9    658.758
--------  ---------
2022-10-13 12:26:26 | [mcts]  
--------  ---------
StepNum   53000
reward 0   1068.91
reward 1    863.468
reward 2    776.039
reward 3    767.833
reward 4    738.981
reward 5    733.306
reward 6    695.214
reward 7    689.615
reward 8    682.344
reward 9    679.591
--------  ---------
2022-10-13 12:26:38 | [mcts]  
--------  ---------
StepNum   54000
reward 0   1068.91
reward 1    863.468
reward 2    776.039
reward 3    767.833
reward 4    738.981
reward 5    733.306
reward 6    695.214
reward 7    689.615
reward 8    682.344
reward 9    679.591
--------  ---------
2022-10-13 12:26:49 | [mcts]  
--------  ---------
StepNum   55000
reward 0   1068.91
reward 1    863.468
reward 2    776.039
reward 3    767.833
reward 4    738.981
reward 5    733.306
reward 6    695.214
reward 7    689.615
reward 8    682.344
reward 9    679.591
--------  ---------
2022-10-13 12:27:01 | [mcts]  
--------  ---------
StepNum   56000
reward 0   1068.91
reward 1    863.468
reward 2    776.039
reward 3    767.833
reward 4    738.981
reward 5    733.306
reward 6    695.214
reward 7    689.615
reward 8    682.344
reward 9    679.591
--------  ---------
2022-10-13 12:27:12 | [mcts]  
--------  ---------
StepNum   57000
reward 0   1068.91
reward 1    863.468
reward 2    776.039
reward 3    767.833
reward 4    738.981
reward 5    733.306
reward 6    695.214
reward 7    689.615
reward 8    682.344
reward 9    679.591
--------  ---------
2022-10-13 12:27:23 | [mcts]  
--------  ---------
StepNum   58000
reward 0   1068.91
reward 1    863.468
reward 2    776.039
reward 3    767.833
reward 4    738.981
reward 5    733.306
reward 6    695.214
reward 7    689.615
reward 8    684.458
reward 9    682.344
--------  ---------
2022-10-13 12:27:35 | [mcts]  
--------  ---------
StepNum   59000
reward 0   1068.91
reward 1    863.468
reward 2    776.039
reward 3    767.833
reward 4    738.981
reward 5    733.306
reward 6    695.214
reward 7    689.615
reward 8    684.458
reward 9    682.344
--------  ---------
2022-10-13 12:27:46 | [mcts]  
--------  ---------
StepNum   60000
reward 0   1068.91
reward 1    863.468
reward 2    801.47
reward 3    776.039
reward 4    767.833
reward 5    738.981
reward 6    733.306
reward 7    695.214
reward 8    689.615
reward 9    684.458
--------  ---------
2022-10-13 12:27:58 | [mcts]  
--------  ---------
StepNum   61000
reward 0   1068.91
reward 1    863.468
reward 2    801.47
reward 3    776.039
reward 4    767.833
reward 5    738.981
reward 6    733.306
reward 7    695.214
reward 8    689.615
reward 9    684.458
--------  ---------
2022-10-13 12:28:09 | [mcts]  
--------  ---------
StepNum   62000
reward 0   1068.91
reward 1    863.468
reward 2    801.47
reward 3    776.039
reward 4    767.833
reward 5    738.981
reward 6    733.306
reward 7    695.214
reward 8    689.615
reward 9    684.458
--------  ---------
2022-10-13 12:28:20 | [mcts]  
--------  ---------
StepNum   63000
reward 0   1068.91
reward 1    863.468
reward 2    801.47
reward 3    776.039
reward 4    767.833
reward 5    738.981
reward 6    733.306
reward 7    695.214
reward 8    689.615
reward 9    684.458
--------  ---------
2022-10-13 12:28:32 | [mcts]  
--------  ---------
StepNum   64000
reward 0   1068.91
reward 1    863.468
reward 2    801.47
reward 3    776.039
reward 4    767.833
reward 5    738.981
reward 6    733.306
reward 7    695.214
reward 8    689.615
reward 9    684.458
--------  ---------
2022-10-13 12:28:43 | [mcts]  
--------  ---------
StepNum   65000
reward 0   1068.91
reward 1    863.468
reward 2    801.47
reward 3    776.039
reward 4    768.632
reward 5    767.833
reward 6    738.981
reward 7    733.306
reward 8    695.214
reward 9    689.615
--------  ---------
2022-10-13 12:28:54 | [mcts]  
--------  ---------
StepNum   66000
reward 0   1068.91
reward 1    863.468
reward 2    801.47
reward 3    776.039
reward 4    768.632
reward 5    767.833
reward 6    738.981
reward 7    733.306
reward 8    695.214
reward 9    689.615
--------  ---------
2022-10-13 12:29:06 | [mcts]  
--------  ---------
StepNum   67000
reward 0   1068.91
reward 1    863.468
reward 2    801.47
reward 3    776.039
reward 4    768.632
reward 5    767.833
reward 6    738.981
reward 7    733.306
reward 8    695.214
reward 9    689.615
--------  ---------
2022-10-13 12:29:17 | [mcts]  
--------  ---------
StepNum   68000
reward 0   1068.91
reward 1    863.468
reward 2    801.47
reward 3    776.039
reward 4    768.632
reward 5    767.833
reward 6    738.981
reward 7    733.306
reward 8    695.214
reward 9    689.615
--------  ---------
2022-10-13 12:29:29 | [mcts]  
--------  ---------
StepNum   69000
reward 0   1068.91
reward 1    863.468
reward 2    801.47
reward 3    776.039
reward 4    768.632
reward 5    767.833
reward 6    738.981
reward 7    733.306
reward 8    695.214
reward 9    689.615
--------  ---------
2022-10-13 12:29:40 | [mcts]  
--------  ---------
StepNum   70000
reward 0   1068.91
reward 1    863.468
reward 2    801.47
reward 3    776.039
reward 4    768.632
reward 5    767.833
reward 6    738.981
reward 7    733.306
reward 8    695.214
reward 9    693.884
--------  ---------
2022-10-13 12:29:51 | [mcts]  
--------  ---------
StepNum   71000
reward 0   1068.91
reward 1    863.468
reward 2    801.47
reward 3    776.039
reward 4    768.632
reward 5    767.833
reward 6    738.981
reward 7    733.306
reward 8    695.214
reward 9    693.884
--------  ---------
2022-10-13 12:30:03 | [mcts]  
--------  ---------
StepNum   72000
reward 0   1068.91
reward 1    863.468
reward 2    801.47
reward 3    776.039
reward 4    768.632
reward 5    767.833
reward 6    738.981
reward 7    733.306
reward 8    695.214
reward 9    693.884
--------  ---------
2022-10-13 12:30:14 | [mcts]  
--------  ---------
StepNum   73000
reward 0   1068.91
reward 1    863.468
reward 2    801.47
reward 3    776.039
reward 4    768.632
reward 5    767.833
reward 6    738.981
reward 7    733.306
reward 8    721.164
reward 9    696.742
--------  ---------
2022-10-13 12:30:25 | [mcts]  
--------  ---------
StepNum   74000
reward 0   1068.91
reward 1    863.468
reward 2    801.47
reward 3    776.039
reward 4    768.632
reward 5    767.833
reward 6    738.981
reward 7    733.306
reward 8    721.164
reward 9    696.742
--------  ---------
2022-10-13 12:30:37 | [mcts]  
--------  ---------
StepNum   75000
reward 0   1068.91
reward 1    863.468
reward 2    801.47
reward 3    776.039
reward 4    768.632
reward 5    767.833
reward 6    738.981
reward 7    733.306
reward 8    721.164
reward 9    696.742
--------  ---------
2022-10-13 12:30:48 | [mcts]  
--------  ---------
StepNum   76000
reward 0   1068.91
reward 1    863.468
reward 2    801.47
reward 3    776.039
reward 4    768.632
reward 5    767.833
reward 6    738.981
reward 7    733.306
reward 8    721.164
reward 9    707.147
--------  ---------
2022-10-13 12:31:00 | [mcts]  
--------  ---------
StepNum   77000
reward 0   1068.91
reward 1    863.468
reward 2    801.47
reward 3    776.039
reward 4    768.632
reward 5    767.833
reward 6    738.981
reward 7    733.306
reward 8    721.164
reward 9    707.147
--------  ---------
2022-10-13 12:31:11 | [mcts]  
--------  ---------
StepNum   78000
reward 0   1068.91
reward 1    863.468
reward 2    801.47
reward 3    776.039
reward 4    768.632
reward 5    767.833
reward 6    738.981
reward 7    733.306
reward 8    721.164
reward 9    707.147
--------  ---------
2022-10-13 12:31:22 | [mcts]  
--------  ---------
StepNum   79000
reward 0   1068.91
reward 1    863.468
reward 2    801.47
reward 3    776.039
reward 4    768.632
reward 5    767.833
reward 6    738.981
reward 7    733.306
reward 8    721.164
reward 9    707.147
--------  ---------
2022-10-13 12:31:34 | [mcts]  
--------  ---------
StepNum   80000
reward 0   1068.91
reward 1    863.468
reward 2    801.47
reward 3    776.039
reward 4    768.632
reward 5    767.833
reward 6    738.981
reward 7    733.306
reward 8    721.164
reward 9    707.147
--------  ---------
2022-10-13 12:31:45 | [mcts]  
--------  ---------
StepNum   81000
reward 0   1068.91
reward 1    863.468
reward 2    801.47
reward 3    776.039
reward 4    768.632
reward 5    767.833
reward 6    738.981
reward 7    733.306
reward 8    721.164
reward 9    707.147
--------  ---------
2022-10-13 12:31:57 | [mcts]  
--------  ---------
StepNum   82000
reward 0   1068.91
reward 1    863.468
reward 2    801.47
reward 3    776.039
reward 4    768.632
reward 5    767.833
reward 6    738.981
reward 7    733.306
reward 8    721.164
reward 9    707.147
--------  ---------
2022-10-13 12:32:08 | [mcts]  
--------  ---------
StepNum   83000
reward 0   1068.91
reward 1    863.468
reward 2    801.47
reward 3    776.039
reward 4    768.632
reward 5    767.833
reward 6    738.981
reward 7    733.306
reward 8    721.164
reward 9    707.147
--------  ---------
2022-10-13 12:32:20 | [mcts]  
--------  ---------
StepNum   84000
reward 0   1068.91
reward 1    863.468
reward 2    801.47
reward 3    776.039
reward 4    768.632
reward 5    767.833
reward 6    738.981
reward 7    733.306
reward 8    721.164
reward 9    707.147
--------  ---------
2022-10-13 12:32:31 | [mcts]  
--------  ---------
StepNum   85000
reward 0   1068.91
reward 1    863.468
reward 2    801.47
reward 3    776.039
reward 4    768.632
reward 5    767.833
reward 6    738.981
reward 7    733.306
reward 8    721.164
reward 9    707.147
--------  ---------
2022-10-13 12:32:43 | [mcts]  
--------  ---------
StepNum   86000
reward 0   1068.91
reward 1    863.468
reward 2    801.47
reward 3    776.039
reward 4    768.632
reward 5    767.833
reward 6    738.981
reward 7    733.306
reward 8    721.164
reward 9    707.147
--------  ---------
2022-10-13 12:32:54 | [mcts]  
--------  ---------
StepNum   87000
reward 0   1068.91
reward 1    863.468
reward 2    801.47
reward 3    776.039
reward 4    768.632
reward 5    767.833
reward 6    738.981
reward 7    733.306
reward 8    721.164
reward 9    707.147
--------  ---------
