2022-10-02 11:54:31 | [mcts]  
---------  ----------
StepNum      1000
reward 0      173.335
reward 1   -99572.3
reward 10       0
reward 11       0
reward 12       0
reward 13       0
reward 14       0
reward 15       0
reward 16       0
reward 17       0
reward 18       0
reward 19       0
reward 2   -99710.1
reward 20       0
reward 21       0
reward 22       0
reward 23       0
reward 24       0
reward 25       0
reward 26       0
reward 27       0
reward 28       0
reward 29       0
reward 3   -99735.5
reward 4   -99751.3
reward 5   -99801.4
reward 6   -99808.6
reward 7   -99816.9
reward 8   -99855.7
reward 9   -99864.5
---------  ----------
2022-10-02 11:54:41 | [mcts]  
---------  ----------
StepNum      2000
reward 0      180.704
reward 1      174.867
reward 10  -99738.5
reward 11  -99744.3
reward 12  -99751.3
reward 13  -99796.3
reward 14  -99801.4
reward 15  -99808.6
reward 16  -99816.9
reward 17  -99820.5
reward 18  -99855.7
reward 19  -99864.5
reward 2      173.335
reward 20  -99866
reward 21       0
reward 22       0
reward 23       0
reward 24       0
reward 25       0
reward 26       0
reward 27       0
reward 28       0
reward 29       0
reward 3   -99572.3
reward 4   -99710.1
reward 5   -99721.8
reward 6   -99725.1
reward 7   -99727.9
reward 8   -99730.1
reward 9   -99735.5
---------  ----------
2022-10-02 11:54:51 | [mcts]  
---------  ----------
StepNum      3000
reward 0      215.718
reward 1      180.704
reward 10  -99727.9
reward 11  -99730.1
reward 12  -99735.5
reward 13  -99738.5
reward 14  -99743.7
reward 15  -99744.3
reward 16  -99751.3
reward 17  -99753.8
reward 18  -99755.4
reward 19  -99796.3
reward 2      174.867
reward 20  -99801.4
reward 21  -99808.6
reward 22  -99808.8
reward 23  -99812.4
reward 24  -99816.9
reward 25  -99818.7
reward 26  -99820.5
reward 27  -99829
reward 28  -99835.7
reward 29  -99855.7
reward 3      173.335
reward 4      169.412
reward 5   -99552.9
reward 6   -99572.3
reward 7   -99710.1
reward 8   -99721.8
reward 9   -99725.1
---------  ----------
2022-10-02 11:55:01 | [mcts]  
---------  ----------
StepNum      4000
reward 0      215.718
reward 1      213.187
reward 10  -99721.8
reward 11  -99725.1
reward 12  -99727.9
reward 13  -99730.1
reward 14  -99735.5
reward 15  -99738.5
reward 16  -99743.7
reward 17  -99744.3
reward 18  -99751.3
reward 19  -99753.8
reward 2      180.704
reward 20  -99755.4
reward 21  -99774.9
reward 22  -99776.4
reward 23  -99783.3
reward 24  -99785.6
reward 25  -99788.3
reward 26  -99796.3
reward 27  -99801.4
reward 28  -99802.2
reward 29  -99803.6
reward 3      174.867
reward 4      173.335
reward 5      169.412
reward 6   -99552.9
reward 7   -99572.3
reward 8   -99702.9
reward 9   -99710.1
---------  ----------
