2022-09-19 11:30:34, INFO: Create other envs with new settings
2022-09-19 11:30:34, INFO: human number: 5
2022-09-19 11:30:34, INFO: Randomize human's radius and preferred speed
2022-09-19 11:30:34, INFO: Circle width: 6
2022-09-19 11:30:34, INFO: robot FOV 2.073451
2022-09-19 11:30:34, INFO: humans FOV 6.283185
2022-09-19 11:30:34, INFO: human number: 5
2022-09-19 11:30:34, INFO: human number: 5
2022-09-19 11:30:34, INFO: human number: 5
2022-09-19 11:30:34, INFO: Randomize human's radius and preferred speed
2022-09-19 11:30:34, INFO: Circle width: 6
2022-09-19 11:30:34, INFO: robot FOV 2.073451
2022-09-19 11:30:34, INFO: humans FOV 6.283185
2022-09-19 11:30:34, INFO: human number: 5
2022-09-19 11:30:34, INFO: Randomize human's radius and preferred speed
2022-09-19 11:30:34, INFO: Circle width: 6
2022-09-19 11:30:34, INFO: robot FOV 2.073451
2022-09-19 11:30:34, INFO: humans FOV 6.283185
2022-09-19 11:30:34, INFO: human number: 5
2022-09-19 11:30:34, INFO: Randomize human's radius and preferred speed
2022-09-19 11:30:34, INFO: Circle width: 6
2022-09-19 11:30:34, INFO: robot FOV 2.073451
2022-09-19 11:30:34, INFO: humans FOV 6.283185
2022-09-19 11:30:34, INFO: Randomize human's radius and preferred speed
2022-09-19 11:30:34, INFO: Randomize human's radius and preferred speed
2022-09-19 11:30:34, INFO: Circle width: 6
2022-09-19 11:30:34, INFO: Circle width: 6
2022-09-19 11:30:34, INFO: robot FOV 2.073451
2022-09-19 11:30:34, INFO: humans FOV 6.283185
2022-09-19 11:30:34, INFO: robot FOV 2.073451
2022-09-19 11:30:34, INFO: humans FOV 6.283185
2022-09-19 11:30:34, INFO: human number: 5
2022-09-19 11:30:34, INFO: Randomize human's radius and preferred speed
2022-09-19 11:30:34, INFO: human number: 5
2022-09-19 11:30:34, INFO: Circle width: 6
2022-09-19 11:30:34, INFO: Randomize human's radius and preferred speed
2022-09-19 11:30:34, INFO: Circle width: 6
2022-09-19 11:30:34, INFO: robot FOV 2.073451
2022-09-19 11:30:34, INFO: humans FOV 6.283185
2022-09-19 11:30:34, INFO: robot FOV 2.073451
2022-09-19 11:30:34, INFO: humans FOV 6.283185
2022-09-19 11:30:34, INFO: human number: 5
2022-09-19 11:30:34, INFO: Randomize human's radius and preferred speed
2022-09-19 11:30:34, INFO: Circle width: 6
2022-09-19 11:30:34, INFO: robot FOV 2.073451
2022-09-19 11:30:34, INFO: humans FOV 6.283185
2022-09-19 11:30:34, INFO: human number: 5
2022-09-19 11:30:34, INFO: Randomize human's radius and preferred speed
2022-09-19 11:30:34, INFO: Circle width: 6
2022-09-19 11:30:34, INFO: robot FOV 2.073451
2022-09-19 11:30:34, INFO: humans FOV 6.283185
2022-09-19 11:30:34, INFO: human number: 5
2022-09-19 11:30:34, INFO: Randomize human's radius and preferred speed
2022-09-19 11:30:34, INFO: Circle width: 6
2022-09-19 11:30:34, INFO: robot FOV 2.073451
2022-09-19 11:30:34, INFO: humans FOV 6.283185
2022-09-19 11:30:34, INFO: human number: 5
2022-09-19 11:30:34, INFO: Randomize human's radius and preferred speed
2022-09-19 11:30:34, INFO: Circle width: 6
2022-09-19 11:30:34, INFO: robot FOV 2.073451
2022-09-19 11:30:34, INFO: humans FOV 6.283185
2022-09-19 11:30:34, INFO: human number: 5
2022-09-19 11:30:34, INFO: Randomize human's radius and preferred speed
2022-09-19 11:30:34, INFO: Circle width: 6
2022-09-19 11:30:34, INFO: robot FOV 2.073451
2022-09-19 11:30:34, INFO: humans FOV 6.283185
