2022-09-19 19:17:53, INFO: Create other envs with new settings
2022-09-19 19:17:53, INFO: human number: 10
2022-09-19 19:17:53, INFO: Randomize human's radius and preferred speed
2022-09-19 19:17:53, INFO: Circle width: 6
2022-09-19 19:17:53, INFO: robot FOV 6.283185
2022-09-19 19:17:53, INFO: humans FOV 6.283185
2022-09-19 19:17:53, INFO: human number: 10
2022-09-19 19:17:53, INFO: Randomize human's radius and preferred speed
2022-09-19 19:17:53, INFO: Circle width: 6
2022-09-19 19:17:53, INFO: robot FOV 6.283185
2022-09-19 19:17:53, INFO: humans FOV 6.283185
2022-09-19 19:17:53, INFO: human number: 10
2022-09-19 19:17:53, INFO: Randomize human's radius and preferred speed
2022-09-19 19:17:53, INFO: Circle width: 6
2022-09-19 19:17:53, INFO: robot FOV 6.283185
2022-09-19 19:17:53, INFO: humans FOV 6.283185
2022-09-19 19:17:53, INFO: human number: 10
2022-09-19 19:17:53, INFO: Randomize human's radius and preferred speed
2022-09-19 19:17:53, INFO: Circle width: 6
2022-09-19 19:17:53, INFO: robot FOV 6.283185
2022-09-19 19:17:53, INFO: humans FOV 6.283185
2022-09-19 19:17:53, INFO: human number: 10
2022-09-19 19:17:53, INFO: Randomize human's radius and preferred speed
2022-09-19 19:17:53, INFO: Circle width: 6
2022-09-19 19:17:53, INFO: robot FOV 6.283185
2022-09-19 19:17:53, INFO: humans FOV 6.283185
2022-09-19 19:17:53, INFO: human number: 10
2022-09-19 19:17:53, INFO: Randomize human's radius and preferred speed
2022-09-19 19:17:53, INFO: Circle width: 6
2022-09-19 19:17:53, INFO: robot FOV 6.283185
2022-09-19 19:17:53, INFO: humans FOV 6.283185
2022-09-19 19:17:53, INFO: human number: 10
2022-09-19 19:17:53, INFO: Randomize human's radius and preferred speed
2022-09-19 19:17:53, INFO: Circle width: 6
2022-09-19 19:17:53, INFO: robot FOV 6.283185
2022-09-19 19:17:53, INFO: humans FOV 6.283185
2022-09-19 19:17:53, INFO: human number: 10
2022-09-19 19:17:53, INFO: Randomize human's radius and preferred speed
2022-09-19 19:17:53, INFO: Circle width: 6
2022-09-19 19:17:53, INFO: robot FOV 6.283185
2022-09-19 19:17:53, INFO: humans FOV 6.283185
2022-09-19 19:17:53, INFO: human number: 10
2022-09-19 19:17:53, INFO: Randomize human's radius and preferred speed
2022-09-19 19:17:53, INFO: Circle width: 6
2022-09-19 19:17:53, INFO: robot FOV 6.283185
2022-09-19 19:17:53, INFO: humans FOV 6.283185
2022-09-19 19:17:53, INFO: human number: 10
2022-09-19 19:17:53, INFO: Randomize human's radius and preferred speed
2022-09-19 19:17:53, INFO: Circle width: 6
2022-09-19 19:17:53, INFO: robot FOV 6.283185
2022-09-19 19:17:53, INFO: humans FOV 6.283185
2022-09-19 19:17:53, INFO: human number: 10
2022-09-19 19:17:53, INFO: Randomize human's radius and preferred speed
2022-09-19 19:17:53, INFO: Circle width: 6
2022-09-19 19:17:53, INFO: robot FOV 6.283185
2022-09-19 19:17:53, INFO: humans FOV 6.283185
2022-09-19 19:17:53, INFO: human number: 10
2022-09-19 19:17:53, INFO: Randomize human's radius and preferred speed
2022-09-19 19:17:53, INFO: Circle width: 6
2022-09-19 19:17:53, INFO: robot FOV 6.283185
2022-09-19 19:17:53, INFO: humans FOV 6.283185
2022-09-19 19:17:53, INFO: human number: 10
2022-09-19 19:17:53, INFO: Randomize human's radius and preferred speed
2022-09-19 19:17:53, INFO: Circle width: 6
2022-09-19 19:17:53, INFO: robot FOV 6.283185
2022-09-19 19:17:53, INFO: humans FOV 6.283185
